80000010 <- 0000001A (OKAY)		# 980 ns
80000020 <- 0000001A (OKAY)		# 1030 ns
80000024 <- 00000000 (OKAY)		# 1150 ns
80000050 <- 0000002F (OKAY)		# 1200 ns
80000030 <- FFFFFFFF (OKAY)		# 1250 ns
80000034 <- 0000FFFF (OKAY)		# 1300 ns
80000038 <- 00000000 (OKAY)		# 1350 ns
8000003C <- 00000000 (OKAY)		# 1400 ns
80000040 <- FFFFFFFF (OKAY)		# 1450 ns
80000044 <- 0000EFFF (OKAY)		# 1500 ns
80000048 <- 00000000 (OKAY)		# 1550 ns
8000004C <- 00000000 (OKAY)		# 1600 ns
80000060 <- 00000023 (OKAY)		# 1650 ns
80000070 <- 00000046 (OKAY)		# 1700 ns
80000080 <- 00000090 (OKAY)		# 1750 ns
80010000 <- FFFFFFFF (OKAY)		# 1800 ns
80010004 <- FFFFFFFF (OKAY)		# 1850 ns
80010008 <- FFFFFFFF (OKAY)		# 1900 ns
8001000C <- FFFFFFFF (OKAY)		# 1950 ns
80010010 <- FFFFFFFF (OKAY)		# 2000 ns
80010014 <- FFFFFFFF (OKAY)		# 2050 ns
80010018 <- FFFFFFFF (OKAY)		# 2100 ns
8001001C <- FFFFFFFF (OKAY)		# 2150 ns
80010020 <- FFFFFFFF (OKAY)		# 2200 ns
80010024 <- FFFFFFFF (OKAY)		# 2250 ns
80010028 <- FFFFFFFF (OKAY)		# 2300 ns
8001002C <- FFFFFFFF (OKAY)		# 2350 ns
80010030 <- FFFFFFFF (OKAY)		# 2400 ns
80010034 <- FFFFFFFF (OKAY)		# 2450 ns
80010038 <- FFFFFFFF (OKAY)		# 2500 ns
8001003C <- FFFFFFFF (OKAY)		# 2550 ns
80020000 <- 000000FF (OKAY)		# 2600 ns
80011000 <- 000000FF (OKAY)		# 2650 ns
80011004 <- FFFFFFFF (OKAY)		# 2700 ns
80011008 <- FFFFFFFF (OKAY)		# 2750 ns
8001100C <- FFFFFFFF (OKAY)		# 2800 ns
80011010 <- FFFFFFFF (OKAY)		# 2850 ns
80011014 <- FFFFFFFF (OKAY)		# 2900 ns
80011018 <- FFFFFFFF (OKAY)		# 2950 ns
8001101C <- FFFFFFFF (OKAY)		# 3000 ns
80011020 <- FFFFFF00 (OKAY)		# 3050 ns
80011024 <- FFFFFFFF (OKAY)		# 3100 ns
80011028 <- FFFFFFFF (OKAY)		# 3150 ns
00000000 <- 00000000 (OKAY)		# 3200 ns
8001102C <- FFFFFFFF (OKAY)		# 3250 ns
00000000 <- 00000000 (OKAY)		# 3300 ns
80011030 <- FFFFFFFF (OKAY)		# 3350 ns
00000000 <- 00000000 (OKAY)		# 3400 ns
80011034 <- FFFFFFFF (OKAY)		# 3450 ns
00000000 <- 00000000 (OKAY)		# 3500 ns
80011038 <- FFFFFFFF (OKAY)		# 3550 ns
00000000 <- 00000000 (OKAY)		# 3600 ns
8001103C <- FFFFFFFF (OKAY)		# 3650 ns
00000000 <- 00000000 (OKAY)		# 3700 ns
80021000 <- 0000000A (OKAY)		# 3750 ns
00000000 <- 00000000 (OKAY)		# 3800 ns
80022000 <- 1255FF00 (OKAY)		# 3850 ns
00000000 <- 00000000 (OKAY)		# 3900 ns
80023000 <- 00000000 (OKAY)		# 3950 ns
00000000 <- 00000000 (OKAY)		# 4000 ns
80011040 <- 0000000B (OKAY)		# 4050 ns
00000000 <- 00000000 (OKAY)		# 4100 ns
80011044 <- FFFFFFFF (OKAY)		# 4150 ns
00000000 <- 00000000 (OKAY)		# 4200 ns
80011048 <- FFFFFFFF (OKAY)		# 4250 ns
00000000 <- 00000000 (OKAY)		# 4300 ns
8001104C <- FFFFFFFF (OKAY)		# 4350 ns
00000000 <- 00000000 (OKAY)		# 4400 ns
80011050 <- FFFFFFFF (OKAY)		# 4450 ns
00000000 <- 00000000 (OKAY)		# 4500 ns
80011054 <- FFFFFFFF (OKAY)		# 4550 ns
00000000 <- 00000000 (OKAY)		# 4600 ns
80011058 <- FFFFFFFF (OKAY)		# 4650 ns
00000000 <- 00000000 (OKAY)		# 4700 ns
8001105C <- FFFFFFFF (OKAY)		# 4750 ns
00000000 <- 00000000 (OKAY)		# 4800 ns
80011060 <- FFFFFF00 (OKAY)		# 4850 ns
00000000 <- 00000000 (OKAY)		# 4900 ns
80011064 <- FFFFFFFF (OKAY)		# 4950 ns
00000000 <- 00000000 (OKAY)		# 5000 ns
80011068 <- FFFFFFFF (OKAY)		# 5050 ns
00000000 <- 00000000 (OKAY)		# 5100 ns
8001106C <- FFFFFFFF (OKAY)		# 5150 ns
00000000 <- 00000000 (OKAY)		# 5200 ns
80011070 <- FFFFFFFF (OKAY)		# 5250 ns
00000000 <- 00000000 (OKAY)		# 5300 ns
80011074 <- FFFFFFFF (OKAY)		# 5350 ns
00000000 <- 00000000 (OKAY)		# 5400 ns
80011078 <- FFFFFFFF (OKAY)		# 5450 ns
00000000 <- 00000000 (OKAY)		# 5500 ns
8001107C <- FFFFFFFF (OKAY)		# 5550 ns
00000000 <- 00000000 (OKAY)		# 5600 ns
80021004 <- 0000010A (OKAY)		# 5650 ns
00000000 <- 00000000 (OKAY)		# 5700 ns
80022004 <- 0000FF00 (OKAY)		# 5750 ns
00000000 <- 00000000 (OKAY)		# 5800 ns
80023004 <- 00000006 (OKAY)		# 5850 ns
00000000 <- 00000000 (OKAY)		# 5900 ns
80011080 <- 0000000A (OKAY)		# 5950 ns
00000000 <- 00000000 (OKAY)		# 6000 ns
80011084 <- 00000002 (OKAY)		# 6050 ns
00000000 <- 00000000 (OKAY)		# 6100 ns
80011088 <- FFFFFFFF (OKAY)		# 6150 ns
00000000 <- 00000000 (OKAY)		# 6200 ns
8001108C <- FFFFFFFF (OKAY)		# 6250 ns
00000000 <- 00000000 (OKAY)		# 6300 ns
80011090 <- FFFFFFFF (OKAY)		# 6350 ns
00000000 <- 00000000 (OKAY)		# 6400 ns
80011094 <- FFFFFFFF (OKAY)		# 6450 ns
00000000 <- 00000000 (OKAY)		# 6500 ns
80011098 <- FFFFFFFF (OKAY)		# 6550 ns
00000000 <- 00000000 (OKAY)		# 6600 ns
8001109C <- FFFFFFFF (OKAY)		# 6650 ns
00000000 <- 00000000 (OKAY)		# 6700 ns
800110A0 <- FFFFFF00 (OKAY)		# 6750 ns
00000000 <- 00000000 (OKAY)		# 6800 ns
800110A4 <- FFFFFFFD (OKAY)		# 6850 ns
00000000 <- 00000000 (OKAY)		# 6900 ns
800110A8 <- FFFFFFFF (OKAY)		# 6950 ns
00000000 <- 00000000 (OKAY)		# 7000 ns
800110AC <- FFFFFFFF (OKAY)		# 7050 ns
00000000 <- 00000000 (OKAY)		# 7100 ns
800110B0 <- FFFFFFFF (OKAY)		# 7150 ns
00000000 <- 00000000 (OKAY)		# 7200 ns
800110B4 <- FFFFFFFF (OKAY)		# 7250 ns
00000000 <- 00000000 (OKAY)		# 7300 ns
800110B8 <- FFFFFFFF (OKAY)		# 7350 ns
00000000 <- 00000000 (OKAY)		# 7400 ns
800110BC <- FFFFFFFF (OKAY)		# 7450 ns
00000000 <- 00000000 (OKAY)		# 7500 ns
80021008 <- 0000020B (OKAY)		# 7550 ns
00000000 <- 00000000 (OKAY)		# 7600 ns
80022008 <- 0044FF00 (OKAY)		# 7650 ns
00000000 <- 00000000 (OKAY)		# 7700 ns
80023008 <- 00000000 (OKAY)		# 7750 ns
00000000 <- 00000000 (OKAY)		# 7800 ns
800110C0 <- 0000000A (OKAY)		# 7850 ns
00000000 <- 00000000 (OKAY)		# 7900 ns
800110C4 <- 00000001 (OKAY)		# 7950 ns
00000000 <- 00000000 (OKAY)		# 8000 ns
800110C8 <- FFFFFFFF (OKAY)		# 8050 ns
00000000 <- 00000000 (OKAY)		# 8100 ns
800110CC <- FFFFFFFF (OKAY)		# 8150 ns
00000000 <- 00000000 (OKAY)		# 8200 ns
800110D0 <- FFFFFFFF (OKAY)		# 8250 ns
00000000 <- 00000000 (OKAY)		# 8300 ns
800110D4 <- FFFFFFFF (OKAY)		# 8350 ns
00000000 <- 00000000 (OKAY)		# 8400 ns
800110D8 <- FFFFFFFF (OKAY)		# 8450 ns
00000000 <- 00000000 (OKAY)		# 8500 ns
800110DC <- FFFFFFFF (OKAY)		# 8550 ns
00000000 <- 00000000 (OKAY)		# 8600 ns
800110E0 <- FFFFFF00 (OKAY)		# 8650 ns
00000000 <- 00000000 (OKAY)		# 8700 ns
800110E4 <- FFFFFFFE (OKAY)		# 8750 ns
00000000 <- 00000000 (OKAY)		# 8800 ns
800110E8 <- FFFFFFFF (OKAY)		# 8850 ns
00000000 <- 00000000 (OKAY)		# 8900 ns
800110EC <- FFFFFFFF (OKAY)		# 8950 ns
00000000 <- 00000000 (OKAY)		# 9000 ns
800110F0 <- FFFFFFFF (OKAY)		# 9050 ns
00000000 <- 00000000 (OKAY)		# 9100 ns
800110F4 <- FFFFFFFF (OKAY)		# 9150 ns
00000000 <- 00000000 (OKAY)		# 9200 ns
800110F8 <- FFFFFFFF (OKAY)		# 9250 ns
00000000 <- 00000000 (OKAY)		# 9300 ns
800110FC <- FFFFFFFF (OKAY)		# 9350 ns
00000000 <- 00000000 (OKAY)		# 9400 ns
8002100C <- 0000030C (OKAY)		# 9450 ns
00000000 <- 00000000 (OKAY)		# 9500 ns
8002200C <- 0044FF00 (OKAY)		# 9550 ns
00000000 <- 00000000 (OKAY)		# 9600 ns
8002300C <- 00000000 (OKAY)		# 9650 ns
00000000 <- 00000000 (OKAY)		# 9700 ns
80011100 <- 0000000A (OKAY)		# 9750 ns
00000000 <- 00000000 (OKAY)		# 9800 ns
80011104 <- 00000001 (OKAY)		# 9850 ns
00000000 <- 00000000 (OKAY)		# 9900 ns
80011108 <- FFFFFFFF (OKAY)		# 9950 ns
00000000 <- 00000000 (OKAY)		# 10000 ns
8001110C <- FFFFFFFF (OKAY)		# 10050 ns
00000000 <- 00000000 (OKAY)		# 10100 ns
80011110 <- FFFFFFFF (OKAY)		# 10150 ns
00000000 <- 00000000 (OKAY)		# 10200 ns
80011114 <- FFFFFFFF (OKAY)		# 10250 ns
00000000 <- 00000000 (OKAY)		# 10300 ns
80011118 <- FFFFFFFF (OKAY)		# 10350 ns
00000000 <- 00000000 (OKAY)		# 10400 ns
8001111C <- FFFFFFFF (OKAY)		# 10450 ns
00000000 <- 00000000 (OKAY)		# 10500 ns
80011120 <- FFFFFF00 (OKAY)		# 10550 ns
00000000 <- 00000000 (OKAY)		# 10600 ns
80011124 <- FFFFFFFF (OKAY)		# 10650 ns
00000000 <- 00000000 (OKAY)		# 10700 ns
80011128 <- FFFFFFFF (OKAY)		# 10750 ns
00000000 <- 00000000 (OKAY)		# 10800 ns
8001112C <- FFFFFFFF (OKAY)		# 10850 ns
00000000 <- 00000000 (OKAY)		# 10900 ns
80011130 <- FFFFFFFF (OKAY)		# 10950 ns
00000000 <- 00000000 (OKAY)		# 11000 ns
80011134 <- FFFFFFFF (OKAY)		# 11050 ns
00000000 <- 00000000 (OKAY)		# 11100 ns
80011138 <- FFFFFFFF (OKAY)		# 11150 ns
00000000 <- 00000000 (OKAY)		# 11200 ns
8001113C <- FFFFFFFF (OKAY)		# 11250 ns
00000000 <- 00000000 (OKAY)		# 11300 ns
80021010 <- 0000040D (OKAY)		# 11350 ns
00000000 <- 00000000 (OKAY)		# 11400 ns
80022010 <- 0044FF00 (OKAY)		# 11450 ns
00000000 <- 00000000 (OKAY)		# 11500 ns
80023010 <- 00000000 (OKAY)		# 11550 ns
00000000 <- 00000000 (OKAY)		# 11600 ns
80011140 <- 0000000A (OKAY)		# 11650 ns
00000000 <- 00000000 (OKAY)		# 11700 ns
80011144 <- 00000001 (OKAY)		# 11750 ns
00000000 <- 00000000 (OKAY)		# 11800 ns
80011148 <- FFFFFFFF (OKAY)		# 11850 ns
00000000 <- 00000000 (OKAY)		# 11900 ns
8001114C <- FFFFFFFF (OKAY)		# 11950 ns
00000000 <- 00000000 (OKAY)		# 12000 ns
80011150 <- FFFFFFFF (OKAY)		# 12050 ns
00000000 <- 00000000 (OKAY)		# 12100 ns
80011154 <- FFFFFFFF (OKAY)		# 12150 ns
00000000 <- 00000000 (OKAY)		# 12200 ns
80011158 <- FFFFFFFF (OKAY)		# 12250 ns
00000000 <- 00000000 (OKAY)		# 12300 ns
8001115C <- FFFFFFFF (OKAY)		# 12350 ns
00000000 <- 00000000 (OKAY)		# 12400 ns
80011160 <- FFFFFFFF (OKAY)		# 12450 ns
00000000 <- 00000000 (OKAY)		# 12500 ns
80011164 <- FFFFFFFF (OKAY)		# 12550 ns
00000000 <- 00000000 (OKAY)		# 12600 ns
80011168 <- FFFFFFFF (OKAY)		# 12650 ns
00000000 <- 00000000 (OKAY)		# 12700 ns
8001116C <- FFFFFFFF (OKAY)		# 12750 ns
00000000 <- 00000000 (OKAY)		# 12800 ns
80011170 <- FFFFFFFF (OKAY)		# 12850 ns
00000000 <- 00000000 (OKAY)		# 12900 ns
80011174 <- FFFFFFFF (OKAY)		# 12950 ns
00000000 <- 00000000 (OKAY)		# 13000 ns
80011178 <- FFFFFFFF (OKAY)		# 13050 ns
00000000 <- 00000000 (OKAY)		# 13100 ns
8001117C <- FFFFFFFF (OKAY)		# 13150 ns
00000000 <- 00000000 (OKAY)		# 13200 ns
80021014 <- 00000000 (OKAY)		# 13250 ns
00000000 <- 00000000 (OKAY)		# 13300 ns
80022014 <- 0000EFFF (OKAY)		# 13350 ns
00000000 <- 00000000 (OKAY)		# 13400 ns
80023014 <- 00000000 (OKAY)		# 13450 ns
00000000 <- 00000000 (OKAY)		# 13500 ns
80030000 <- 0000002E (OKAY)		# 13550 ns
00000000 <- 00000000 (OKAY)		# 13600 ns
80030004 <- 00000032 (OKAY)		# 13650 ns
00000000 <- 00000000 (OKAY)		# 13700 ns
80030008 <- 90840336 (OKAY)		# 13750 ns
00000000 <- 00000000 (OKAY)		# 13800 ns
8003000C <- 00000000 (OKAY)		# 13850 ns
00000000 <- 00000000 (OKAY)		# 13900 ns
80030010 <- 00010000 (OKAY)		# 13950 ns
00000000 <- 00000000 (OKAY)		# 14000 ns
80030014 <- 00030002 (OKAY)		# 14050 ns
00000000 <- 00000000 (OKAY)		# 14100 ns
80030018 <- 00010000 (OKAY)		# 14150 ns
00000000 <- 00000000 (OKAY)		# 14200 ns
8003001C <- 00030002 (OKAY)		# 14250 ns
00000000 <- 00000000 (OKAY)		# 14300 ns
80030020 <- FFFFFFFF (OKAY)		# 14350 ns
00000000 <- 00000000 (OKAY)		# 14400 ns
80030024 <- FFFFFFFF (OKAY)		# 14450 ns
00000000 <- 00000000 (OKAY)		# 14500 ns
80030028 <- FFFFFFFF (OKAY)		# 14550 ns
00000000 <- 00000000 (OKAY)		# 14600 ns
8003002C <- FFFFFFFF (OKAY)		# 14650 ns
00000000 <- 00000000 (OKAY)		# 14700 ns
80030030 <- FFFFFFFF (OKAY)		# 14750 ns
00000000 <- 00000000 (OKAY)		# 14800 ns
80030034 <- FFFFFFFF (OKAY)		# 14850 ns
00000000 <- 00000000 (OKAY)		# 14900 ns
80030038 <- FFFFFFFF (OKAY)		# 14950 ns
00000000 <- 00000000 (OKAY)		# 15000 ns
8003003C <- FFFFFFFF (OKAY)		# 15050 ns
00000000 <- 00000000 (OKAY)		# 15100 ns
80030040 <- 9005002E (OKAY)		# 15150 ns
00000000 <- 00000000 (OKAY)		# 15200 ns
80030044 <- 92000032 (OKAY)		# 15250 ns
00000000 <- 00000000 (OKAY)		# 15300 ns
80030048 <- 00000036 (OKAY)		# 15350 ns
00000000 <- 00000000 (OKAY)		# 15400 ns
8003004C <- 00000000 (OKAY)		# 15450 ns
00000000 <- 00000000 (OKAY)		# 15500 ns
80030050 <- 00010000 (OKAY)		# 15550 ns
00000000 <- 00000000 (OKAY)		# 15600 ns
80030054 <- 00030002 (OKAY)		# 15650 ns
00000000 <- 00000000 (OKAY)		# 15700 ns
80030058 <- 00010000 (OKAY)		# 15750 ns
00000000 <- 00000000 (OKAY)		# 15800 ns
8003005C <- 00030002 (OKAY)		# 15850 ns
00000000 <- 00000000 (OKAY)		# 15900 ns
80030060 <- FFFFFFFF (OKAY)		# 15950 ns
00000000 <- 00000000 (OKAY)		# 16000 ns
80030064 <- FFFFFFFF (OKAY)		# 16050 ns
00000000 <- 00000000 (OKAY)		# 16100 ns
80030068 <- FFFFFFFF (OKAY)		# 16150 ns
00000000 <- 00000000 (OKAY)		# 16200 ns
8003006C <- FFFFFFFF (OKAY)		# 16250 ns
00000000 <- 00000000 (OKAY)		# 16300 ns
80030070 <- FFFFFFFF (OKAY)		# 16350 ns
00000000 <- 00000000 (OKAY)		# 16400 ns
80030074 <- FFFFFFFF (OKAY)		# 16450 ns
00000000 <- 00000000 (OKAY)		# 16500 ns
80030078 <- FFFFFFFF (OKAY)		# 16550 ns
00000000 <- 00000000 (OKAY)		# 16600 ns
8003007C <- FFFFFFFF (OKAY)		# 16650 ns
00000000 <- 00000000 (OKAY)		# 16700 ns
80030080 <- 0000002E (OKAY)		# 16750 ns
00000000 <- 00000000 (OKAY)		# 16800 ns
80030084 <- 90050032 (OKAY)		# 16850 ns
00000000 <- 00000000 (OKAY)		# 16900 ns
80030088 <- 00000036 (OKAY)		# 16950 ns
00000000 <- 00000000 (OKAY)		# 17000 ns
8003008C <- 00000000 (OKAY)		# 17050 ns
00000000 <- 00000000 (OKAY)		# 17100 ns
80030090 <- 00010000 (OKAY)		# 17150 ns
00000000 <- 00000000 (OKAY)		# 17200 ns
80030094 <- 00030002 (OKAY)		# 17250 ns
00000000 <- 00000000 (OKAY)		# 17300 ns
80030098 <- 00010000 (OKAY)		# 17350 ns
00000000 <- 00000000 (OKAY)		# 17400 ns
8003009C <- 00030002 (OKAY)		# 17450 ns
00000000 <- 00000000 (OKAY)		# 17500 ns
800300A0 <- FFFFFFFF (OKAY)		# 17550 ns
00000000 <- 00000000 (OKAY)		# 17600 ns
800300A4 <- FFFFFFFF (OKAY)		# 17650 ns
00000000 <- 00000000 (OKAY)		# 17700 ns
800300A8 <- FFFFFFFF (OKAY)		# 17750 ns
00000000 <- 00000000 (OKAY)		# 17800 ns
800300AC <- FFFFFFFF (OKAY)		# 17850 ns
00000000 <- 00000000 (OKAY)		# 17900 ns
800300B0 <- FFFFFFFF (OKAY)		# 17950 ns
00000000 <- 00000000 (OKAY)		# 18000 ns
800300B4 <- FFFFFFFF (OKAY)		# 18050 ns
00000000 <- 00000000 (OKAY)		# 18100 ns
800300B8 <- FFFFFFFF (OKAY)		# 18150 ns
00000000 <- 00000000 (OKAY)		# 18200 ns
800300BC <- FFFFFFFF (OKAY)		# 18250 ns
00000000 <- 00000000 (OKAY)		# 18300 ns
80030100 <- 9001002E (OKAY)		# 18350 ns
00000000 <- 00000000 (OKAY)		# 18400 ns
80030104 <- 00000032 (OKAY)		# 18450 ns
00000000 <- 00000000 (OKAY)		# 18500 ns
80030108 <- 00000036 (OKAY)		# 18550 ns
00000000 <- 00000000 (OKAY)		# 18600 ns
8003010C <- 00000000 (OKAY)		# 18650 ns
00000000 <- 00000000 (OKAY)		# 18700 ns
80030110 <- 00010000 (OKAY)		# 18750 ns
00000000 <- 00000000 (OKAY)		# 18800 ns
80030114 <- 00030002 (OKAY)		# 18850 ns
00000000 <- 00000000 (OKAY)		# 18900 ns
80030118 <- 00010000 (OKAY)		# 18950 ns
00000000 <- 00000000 (OKAY)		# 19000 ns
8003011C <- 00030002 (OKAY)		# 19050 ns
00000000 <- 00000000 (OKAY)		# 19100 ns
80030120 <- FFFFFFFF (OKAY)		# 19150 ns
00000000 <- 00000000 (OKAY)		# 19200 ns
80030124 <- FFFFFFFF (OKAY)		# 19250 ns
00000000 <- 00000000 (OKAY)		# 19300 ns
80030128 <- FFFFFFFF (OKAY)		# 19350 ns
00000000 <- 00000000 (OKAY)		# 19400 ns
8003012C <- FFFFFFFF (OKAY)		# 19450 ns
00000000 <- 00000000 (OKAY)		# 19500 ns
80030130 <- FFFFFFFF (OKAY)		# 19550 ns
00000000 <- 00000000 (OKAY)		# 19600 ns
80030134 <- FFFFFFFF (OKAY)		# 19650 ns
00000000 <- 00000000 (OKAY)		# 19700 ns
80030138 <- FFFFFFFF (OKAY)		# 19750 ns
00000000 <- 00000000 (OKAY)		# 19800 ns
8003013C <- FFFFFFFF (OKAY)		# 19850 ns
00000000 <- 00000000 (OKAY)		# 19900 ns
800300C0 <- 0000002E (OKAY)		# 19950 ns
00000000 <- 00000000 (OKAY)		# 20000 ns
